[debug] [2023-01-11T18:24:22.892Z] ----------------------------------------------------------------------
[debug] [2023-01-11T18:24:22.894Z] Command:       C:\Program Files\nodejs\node.exe C:\Users\dhiam\AppData\Roaming\npm\node_modules\firebase-tools\lib\bin\firebase.js init
[debug] [2023-01-11T18:24:22.895Z] CLI Version:   11.20.0
[debug] [2023-01-11T18:24:22.895Z] Platform:      win32
[debug] [2023-01-11T18:24:22.895Z] Node Version:  v16.17.1
[debug] [2023-01-11T18:24:22.896Z] Time:          Wed Jan 11 2023 19:24:22 GMT+0100 (heure normale d’Europe centrale)
[debug] [2023-01-11T18:24:22.897Z] ----------------------------------------------------------------------
[debug] 
[debug] [2023-01-11T18:24:22.905Z] > command requires scopes: ["email","openid","https://www.googleapis.com/auth/cloudplatformprojects.readonly","https://www.googleapis.com/auth/firebase","https://www.googleapis.com/auth/cloud-platform"]
[debug] [2023-01-11T18:24:22.905Z] > authorizing via signed-in user (dhiambarki1998@gmail.com)
[info] 
     ######## #### ########  ######## ########     ###     ######  ########
     ##        ##  ##     ## ##       ##     ##  ##   ##  ##       ##
     ######    ##  ########  ######   ########  #########  ######  ######
     ##        ##  ##    ##  ##       ##     ## ##     ##       ## ##
     ##       #### ##     ## ######## ########  ##     ##  ######  ########

You're about to initialize a Firebase project in this directory:

  C:\Users\dhiam\OneDrive\Bureau\Portfolio

[info] 
=== Project Setup
[info] 
[info] First, let's associate this project directory with a Firebase project.
[info] You can create multiple project aliases by running firebase use --add, 
[info] but for now we'll just set up a default project.
[info] 
[debug] [2023-01-11T18:26:12.324Z] >>> [apiv2][query] GET https://firebase.googleapis.com/v1beta1/projects pageSize=100
[debug] [2023-01-11T18:26:13.190Z] <<< [apiv2][status] GET https://firebase.googleapis.com/v1beta1/projects 200
[debug] [2023-01-11T18:26:13.191Z] <<< [apiv2][body] GET https://firebase.googleapis.com/v1beta1/projects [omitted]
[info] i  Using project dhiambarki-fe037 (DhiaMbarki) 
[info] 
=== Hosting Setup
[info] 
[info] Your public directory is the folder (relative to your project directory) that
[info] will contain Hosting assets to be uploaded with firebase deploy. If you
[info] have a build process for your assets, use your build's output directory.
[info] 
